<?xml version="1.0" encoding="UTF-8"?>
<!-- Generated by org.testng.reporters.JUnitXMLReporter -->
<testsuite ignored="2" hostname="DESKTOP-O9GDULK" failures="0" tests="0" time="0.018" errors="0" timestamp="2022-11-23T12:39:33 EST">
  <testcase classname="AnjanaJohny.tests.ErrorValidation" name="loginErrorValidation" time="0.0">
    <ignored/>
  </testcase> <!-- loginErrorValidation -->
  <testcase classname="AnjanaJohny.tests.ErrorValidation" name="productErrorValidation" time="0.0">
    <ignored/>
  </testcase> <!-- productErrorValidation -->
</testsuite>
