<?xml version="1.0" encoding="UTF-8"?>
<!-- Generated by org.testng.reporters.JUnitXMLReporter -->
<testsuite ignored="1" hostname="DESKTOP-O9GDULK" failures="0" tests="2" name="SubmitOrderTest" time="25.588" errors="0" timestamp="2022-11-23T12:39:59 EST">
  <testcase classname="AnjanaJohny.tests.Submitorder" name="Standalonetest" time="5.741"/>
  <testcase classname="AnjanaJohny.tests.Submitorder" name="Standalonetest" time="5.847"/>
  <testcase classname="AnjanaJohny.tests.Submitorder" name="OrderHistory" time="0.0">
    <ignored/>
  </testcase> <!-- OrderHistory -->
</testsuite> <!-- SubmitOrderTest -->
