<?xml version="1.0" encoding="UTF-8"?>
<!-- Generated by org.testng.reporters.JUnitXMLReporter -->
<testsuite ignored="0" hostname="DESKTOP-O9GDULK" failures="0" tests="2" name="ErrorValidationsTest" time="23.209" errors="0" timestamp="2022-11-23T12:56:29 EST">
  <testcase classname="AnjanaJohny.tests.ErrorValidation" name="loginErrorValidation" time="0.866"/>
  <testcase classname="AnjanaJohny.tests.ErrorValidation" name="productErrorValidation" time="5.054"/>
</testsuite> <!-- ErrorValidationsTest -->
