<?xml version="1.0" encoding="UTF-8"?>
<!-- Generated by org.testng.reporters.JUnitXMLReporter -->
<testsuite ignored="0" hostname="DESKTOP-O9GDULK" failures="0" tests="3" name="SubmitOrderTest" time="38.582" errors="0" timestamp="2022-11-23T12:56:44 EST">
  <testcase classname="AnjanaJohny.tests.Submitorder" name="Standalonetest" time="5.931"/>
  <testcase classname="AnjanaJohny.tests.Submitorder" name="Standalonetest" time="5.529"/>
  <testcase classname="AnjanaJohny.tests.Submitorder" name="OrderHistory" time="1.061"/>
</testsuite> <!-- SubmitOrderTest -->
