<?xml version="1.0" encoding="UTF-8"?>
<testng-results ignored="0" total="5" passed="5" failed="0" skipped="0">
  <reporter-output>
  </reporter-output>
  <suite started-at="2022-11-23T12:56:05 EST" name="Suite" finished-at="2022-11-23T12:56:44 EST" duration-ms="38582">
    <groups>
      <group name="Purchase">
        <method signature="Submitorder.Standalonetest(java.util.HashMap)[pri:0, instance:AnjanaJohny.tests.Submitorder@aba625]" name="Standalonetest" class="AnjanaJohny.tests.Submitorder"/>
      </group> <!-- Purchase -->
      <group name="Errorhandling">
        <method signature="ErrorValidation.loginErrorValidation()[pri:0, instance:AnjanaJohny.tests.ErrorValidation@7098b907]" name="loginErrorValidation" class="AnjanaJohny.tests.ErrorValidation"/>
      </group> <!-- Errorhandling -->
    </groups>
    <test started-at="2022-11-23T12:56:05 EST" name="ErrorValidationsTest" finished-at="2022-11-23T12:56:28 EST" duration-ms="23209">
      <class name="AnjanaJohny.tests.ErrorValidation">
        <test-method is-config="true" signature="launchApplication()[pri:0, instance:AnjanaJohny.tests.ErrorValidation@7098b907]" started-at="2022-11-23T12:56:05 EST" name="launchApplication" finished-at="2022-11-23T12:56:15 EST" duration-ms="10031" status="PASS">
          <reporter-output>
          </reporter-output>
        </test-method> <!-- launchApplication -->
        <test-method signature="loginErrorValidation()[pri:0, instance:AnjanaJohny.tests.ErrorValidation@7098b907]" started-at="2022-11-23T12:56:15 EST" name="loginErrorValidation" finished-at="2022-11-23T12:56:16 EST" duration-ms="866" status="PASS">
          <reporter-output>
          </reporter-output>
        </test-method> <!-- loginErrorValidation -->
        <test-method is-config="true" signature="closeDriver()[pri:0, instance:AnjanaJohny.tests.ErrorValidation@7098b907]" started-at="2022-11-23T12:56:16 EST" name="closeDriver" finished-at="2022-11-23T12:56:16 EST" duration-ms="314" status="PASS">
          <reporter-output>
          </reporter-output>
        </test-method> <!-- closeDriver -->
        <test-method is-config="true" signature="launchApplication()[pri:0, instance:AnjanaJohny.tests.ErrorValidation@7098b907]" started-at="2022-11-23T12:56:16 EST" name="launchApplication" finished-at="2022-11-23T12:56:22 EST" duration-ms="5515" status="PASS">
          <reporter-output>
          </reporter-output>
        </test-method> <!-- launchApplication -->
        <test-method signature="productErrorValidation()[pri:0, instance:AnjanaJohny.tests.ErrorValidation@7098b907]" started-at="2022-11-23T12:56:22 EST" name="productErrorValidation" finished-at="2022-11-23T12:56:27 EST" duration-ms="5054" status="PASS">
          <reporter-output>
          </reporter-output>
        </test-method> <!-- productErrorValidation -->
        <test-method is-config="true" signature="closeDriver()[pri:0, instance:AnjanaJohny.tests.ErrorValidation@7098b907]" started-at="2022-11-23T12:56:27 EST" name="closeDriver" finished-at="2022-11-23T12:56:28 EST" duration-ms="1338" status="PASS">
          <reporter-output>
          </reporter-output>
        </test-method> <!-- closeDriver -->
      </class> <!-- AnjanaJohny.tests.ErrorValidation -->
    </test> <!-- ErrorValidationsTest -->
    <test started-at="2022-11-23T12:56:05 EST" name="SubmitOrderTest" finished-at="2022-11-23T12:56:44 EST" duration-ms="38582">
      <class name="AnjanaJohny.tests.Submitorder">
        <test-method is-config="true" signature="launchApplication()[pri:0, instance:AnjanaJohny.tests.Submitorder@aba625]" started-at="2022-11-23T12:56:05 EST" name="launchApplication" finished-at="2022-11-23T12:56:14 EST" duration-ms="8829" status="PASS">
          <reporter-output>
          </reporter-output>
        </test-method> <!-- launchApplication -->
        <test-method signature="Standalonetest(java.util.HashMap)[pri:0, instance:AnjanaJohny.tests.Submitorder@aba625]" started-at="2022-11-23T12:56:14 EST" name="Standalonetest" data-provider="getData" finished-at="2022-11-23T12:56:20 EST" duration-ms="5931" status="PASS">
          <params>
            <param index="0">
              <value>
                <![CDATA[{password=AmalJohn1@, product=ZARA COAT 3, email=amal@gmail.com}]]>
              </value>
            </param>
          </params>
          <reporter-output>
          </reporter-output>
        </test-method> <!-- Standalonetest -->
        <test-method is-config="true" signature="closeDriver()[pri:0, instance:AnjanaJohny.tests.Submitorder@aba625]" started-at="2022-11-23T12:56:20 EST" name="closeDriver" finished-at="2022-11-23T12:56:21 EST" duration-ms="750" status="PASS">
          <reporter-output>
          </reporter-output>
        </test-method> <!-- closeDriver -->
        <test-method is-config="true" signature="launchApplication()[pri:0, instance:AnjanaJohny.tests.Submitorder@aba625]" started-at="2022-11-23T12:56:21 EST" name="launchApplication" finished-at="2022-11-23T12:56:30 EST" duration-ms="9097" status="PASS">
          <reporter-output>
          </reporter-output>
        </test-method> <!-- launchApplication -->
        <test-method signature="Standalonetest(java.util.HashMap)[pri:0, instance:AnjanaJohny.tests.Submitorder@aba625]" started-at="2022-11-23T12:56:30 EST" name="Standalonetest" data-provider="getData" finished-at="2022-11-23T12:56:36 EST" duration-ms="5529" status="PASS">
          <params>
            <param index="0">
              <value>
                <![CDATA[{password=Jacob12345!, product=ADIDAS ORIGINAL, email=jacob123@gmail.com}]]>
              </value>
            </param>
          </params>
          <reporter-output>
          </reporter-output>
        </test-method> <!-- Standalonetest -->
        <test-method is-config="true" signature="closeDriver()[pri:0, instance:AnjanaJohny.tests.Submitorder@aba625]" started-at="2022-11-23T12:56:36 EST" name="closeDriver" finished-at="2022-11-23T12:56:36 EST" duration-ms="464" status="PASS">
          <reporter-output>
          </reporter-output>
        </test-method> <!-- closeDriver -->
        <test-method is-config="true" signature="launchApplication()[pri:0, instance:AnjanaJohny.tests.Submitorder@aba625]" started-at="2022-11-23T12:56:36 EST" name="launchApplication" finished-at="2022-11-23T12:56:42 EST" duration-ms="6298" status="PASS">
          <reporter-output>
          </reporter-output>
        </test-method> <!-- launchApplication -->
        <test-method signature="OrderHistory()[pri:0, instance:AnjanaJohny.tests.Submitorder@aba625]" started-at="2022-11-23T12:56:42 EST" name="OrderHistory" finished-at="2022-11-23T12:56:43 EST" depends-on-methods="AnjanaJohny.tests.Submitorder.Standalonetest" duration-ms="1061" status="PASS">
          <reporter-output>
          </reporter-output>
        </test-method> <!-- OrderHistory -->
        <test-method is-config="true" signature="closeDriver()[pri:0, instance:AnjanaJohny.tests.Submitorder@aba625]" started-at="2022-11-23T12:56:43 EST" name="closeDriver" finished-at="2022-11-23T12:56:44 EST" duration-ms="193" status="PASS">
          <reporter-output>
          </reporter-output>
        </test-method> <!-- closeDriver -->
      </class> <!-- AnjanaJohny.tests.Submitorder -->
    </test> <!-- SubmitOrderTest -->
  </suite> <!-- Suite -->
</testng-results>
